<?xml version="1.0" encoding="UTF-8"?>
<robot generator="Robot 6.1.1 (Python 3.11.4 on win32)" generated="20240811 19:01:14.460" rpa="false" schemaversion="4">
<suite id="s1" name="Login Test" source="C:\Users\mypc\Desktop\sem4\Testing\mahan\week3\test-cases\login_test.robot">
<test id="s1-t1" name="Valid Login Test" line="9">
<kw name="Open Browser" library="SeleniumLibrary">
<arg>${URL}</arg>
<arg>${BROWSER}</arg>
<doc>Opens a new browser instance to the optional ``url``.</doc>
<msg timestamp="20240811 19:01:14.749" level="INFO">Opening browser 'chrome' to base url 'http://localhost:8000'.</msg>
<msg timestamp="20240811 19:01:25.101" level="INFO" html="true">&lt;/td&gt;&lt;/tr&gt;&lt;tr&gt;&lt;td colspan="3"&gt;&lt;a href="selenium-screenshot-1.png"&gt;&lt;img src="selenium-screenshot-1.png" width="800px"&gt;&lt;/a&gt;</msg>
<msg timestamp="20240811 19:01:25.101" level="FAIL">WebDriverException: Message: unknown error: net::ERR_CONNECTION_REFUSED
  (Session info: chrome=127.0.6533.100)
Stacktrace:
	GetHandleVerifier [0x00007FF602419632+30946]
	(No symbol) [0x00007FF6023CE3C9]
	(No symbol) [0x00007FF6022C6FDA]
	(No symbol) [0x00007FF6022BF0B5]
	(No symbol) [0x00007FF6022B01E9]
	(No symbol) [0x00007FF6022B1D62]
	(No symbol) [0x00007FF6022B04CE]
	(No symbol) [0x00007FF6022AFD41]
	(No symbol) [0x00007FF6022AFC80]
	(No symbol) [0x00007FF6022ADE84]
	(No symbol) [0x00007FF6022AE29C]
	(No symbol) [0x00007FF6022CA041]
	(No symbol) [0x00007FF60235BA2E]
	(No symbol) [0x00007FF60233CA6A]
	(No symbol) [0x00007FF60235B041]
	(No symbol) [0x00007FF60233C813]
	(No symbol) [0x00007FF60230A6E5]
	(No symbol) [0x00007FF60230B021]
	GetHandleVerifier [0x00007FF60254F83D+1301229]
	GetHandleVerifier [0x00007FF60255BDB7+1351783]
	GetHandleVerifier [0x00007FF602552A03+1313971]
	GetHandleVerifier [0x00007FF60244DD06+245686]
	(No symbol) [0x00007FF6023D758F]
	(No symbol) [0x00007FF6023D3804]
	(No symbol) [0x00007FF6023D3992]
	(No symbol) [0x00007FF6023CA3EF]
	BaseThreadInitThunk [0x00007FF8CC087374+20]
	RtlUserThreadStart [0x00007FF8CDE3CC91+33]
</msg>
<status status="FAIL" starttime="20240811 19:01:14.749" endtime="20240811 19:01:25.160"/>
</kw>
<kw name="Input Text" library="SeleniumLibrary">
<arg>id=username</arg>
<arg>testuser</arg>
<doc>Types the given ``text`` into the text field identified by ``locator``.</doc>
<status status="NOT RUN" starttime="20240811 19:01:25.161" endtime="20240811 19:01:25.161"/>
</kw>
<kw name="Input Text" library="SeleniumLibrary">
<arg>id=password</arg>
<arg>testpassword</arg>
<doc>Types the given ``text`` into the text field identified by ``locator``.</doc>
<status status="NOT RUN" starttime="20240811 19:01:25.162" endtime="20240811 19:01:25.162"/>
</kw>
<kw name="Click Button" library="SeleniumLibrary">
<arg>xpath=//button[@type='submit']</arg>
<doc>Clicks the button identified by ``locator``.</doc>
<status status="NOT RUN" starttime="20240811 19:01:25.162" endtime="20240811 19:01:25.162"/>
</kw>
<kw name="Close Browser" library="SeleniumLibrary">
<doc>Closes the current browser.</doc>
<status status="NOT RUN" starttime="20240811 19:01:25.163" endtime="20240811 19:01:25.163"/>
</kw>
<doc>Test valid login credentials</doc>
<status status="FAIL" starttime="20240811 19:01:14.748" endtime="20240811 19:01:25.163">WebDriverException: Message: unknown error: net::ERR_CONNECTION_REFUSED
  (Session info: chrome=127.0.6533.100)
Stacktrace:
	GetHandleVerifier [0x00007FF602419632+30946]
	(No symbol) [0x00007FF6023CE3C9]
	(No symbol) [0x00007FF6022C6FDA]
	(No symbol) [0x00007FF6022BF0B5]
	(No symbol) [0x00007FF6022B01E9]
	(No symbol) [0x00007FF6022B1D62]
	(No symbol) [0x00007FF6022B04CE]
	(No symbol) [0x00007FF6022AFD41]
	(No symbol) [0x00007FF6022AFC80]
	(No symbol) [0x00007FF6022ADE84]
	(No symbol) [0x00007FF6022AE29C]
	(No symbol) [0x00007FF6022CA041]
	(No symbol) [0x00007FF60235BA2E]
	(No symbol) [0x00007FF60233CA6A]
	(No symbol) [0x00007FF60235B041]
	(No symbol) [0x00007FF60233C813]
	(No symbol) [0x00007FF60230A6E5]
	(No symbol) [0x00007FF60230B021]
	GetHandleVerifier [0x00007FF60254F83D+1301229]
	GetHandleVerifier [0x00007FF60255BDB7+1351783]
	GetHandleVerifier [0x00007FF602552A03+1313971]
	GetHandleVerifier [0x00007FF60244DD06+245686]
	(No symbol) [0x00007FF6023D758F]
	(No symbol) [0x00007FF6023D3804]
	(No symbol) [0x00007FF6023D3992]
	(No symbol) [0x00007FF6023CA3EF]
	BaseThreadInitThunk [0x00007FF8CC087374+20]
	RtlUserThreadStart [0x00007FF8CDE3CC91+33]
</status>
</test>
<status status="FAIL" starttime="20240811 19:01:14.462" endtime="20240811 19:01:25.172"/>
</suite>
<statistics>
<total>
<stat pass="0" fail="1" skip="0">All Tests</stat>
</total>
<tag>
</tag>
<suite>
<stat pass="0" fail="1" skip="0" id="s1" name="Login Test">Login Test</stat>
</suite>
</statistics>
<errors>
</errors>
</robot>
